'C:\Program' n’est pas reconnu en tant que commande interne
ou externe, un programme exécutable ou un fichier de commandes.
'C:\Program' n’est pas reconnu en tant que commande interne
ou externe, un programme exécutable ou un fichier de commandes.
'C:\Program' n’est pas reconnu en tant que commande interne
ou externe, un programme exécutable ou un fichier de commandes.
'C:\Program' n’est pas reconnu en tant que commande interne
ou externe, un programme exécutable ou un fichier de commandes.
[19:12:33.093] ℹ️ Rome CLI
Usage:
  rome run <workspace> [-- cmd...]
  rome start                         # lance tous les workspaces connus (2 -> duo, 3 -> trio)
  rome duo  <A> "<cmdA>" <B> "<cmdB>"
  rome trio <A> "<cmdA>" <B> "<cmdB>" <C> "<cmdC>"
  rome fix   [target] [-- cmd...]    # alias: auto-cd + commande
  rome clean [workspace]             # nettoie node_modules verrouillés
  rome build [workspace]             # build tous les workspaces
  rome test  [workspace]             # test tous les workspaces
  rome lint  [workspace]             # lint tous les workspaces
  rome init                          # crée un fichier rome.json de configuration
  rome backup                        # sauvegarde la configuration actuelle
  rome restore [backup]              # restaure une sauvegarde (dernière par défaut)
  rome army                          # affiche l'armée romaine (formations et unités)
  rome preinstall                    # installe les dépendances de tous les workspaces

  rome ls                            # liste simple, indexée et triée des workspaces
  rome path <id|name>                # affiche le chemin absolu d'un workspace
  rome go <id|name> -- <cmd ...>     # exécute une commande dans un workspace
  rome code|explorer <id|name>       # ouvre VS Code / l'explorateur
  rome tunnel [up|down|status|test]  # gestion du tunnel avec tests intégrés

  rome deploy [build]                # déploiement Netlify (avec/sans build)
  rome cockpit                       # lance le cockpit multi-panels (dev complet)
  rome cf [up|down|quick]            # gestion des tunnels Cloudflare
  rome processes [stop]              # gestion des processus détachés

Options d'affichage:
  --plain                            # sortie sobre (pas d'emojis, pas de roman)
  --json                             # sortie machine-readable pour CI
  --no-emoji                         # garde le texte fun mais sans emojis
  --ci                               # équivaut à --plain --no-emoji

Options de processus:
  --detach                           # lance les processus en arrière-plan (détachés)

[19:13:27.763] ℹ️ Rome CLI
Usage:
  rome run <workspace> [-- cmd...]
  rome start                         # lance tous les workspaces connus (2 -> duo, 3 -> trio)
  rome duo  <A> "<cmdA>" <B> "<cmdB>"
  rome trio <A> "<cmdA>" <B> "<cmdB>" <C> "<cmdC>"
  rome fix   [target] [-- cmd...]    # alias: auto-cd + commande
  rome clean [workspace]             # nettoie node_modules verrouillés
  rome build [workspace]             # build tous les workspaces
  rome test  [workspace]             # test tous les workspaces
  rome lint  [workspace]             # lint tous les workspaces
  rome init                          # crée un fichier rome.json de configuration
  rome backup                        # sauvegarde la configuration actuelle
  rome restore [backup]              # restaure une sauvegarde (dernière par défaut)
  rome army                          # affiche l'armée romaine (formations et unités)
  rome preinstall                    # installe les dépendances de tous les workspaces

  rome ls                            # liste simple, indexée et triée des workspaces
  rome path <id|name>                # affiche le chemin absolu d'un workspace
  rome go <id|name> -- <cmd ...>     # exécute une commande dans un workspace
  rome code|explorer <id|name>       # ouvre VS Code / l'explorateur
  rome tunnel [up|down|status|test]  # gestion du tunnel avec tests intégrés

  rome deploy [build]                # déploiement Netlify (avec/sans build)
  rome cockpit                       # lance le cockpit multi-panels (dev complet)
  rome cf [up|down|quick]            # gestion des tunnels Cloudflare
  rome processes [stop]              # gestion des processus détachés

Options d'affichage:
  --plain                            # sortie sobre (pas d'emojis, pas de roman)
  --json                             # sortie machine-readable pour CI
  --no-emoji                         # garde le texte fun mais sans emojis
  --ci                               # équivaut à --plain --no-emoji

Options de processus:
  --detach                           # lance les processus en arrière-plan (détachés)

'C:\Program' n’est pas reconnu en tant que commande interne
ou externe, un programme exécutable ou un fichier de commandes.
'C:\Program' n’est pas reconnu en tant que commande interne
ou externe, un programme exécutable ou un fichier de commandes.
'C:\Program' n’est pas reconnu en tant que commande interne
ou externe, un programme exécutable ou un fichier de commandes.
'C:\Program' n’est pas reconnu en tant que commande interne
ou externe, un programme exécutable ou un fichier de commandes.
'C:\Program' n’est pas reconnu en tant que commande interne
ou externe, un programme exécutable ou un fichier de commandes.
'C:\Program' n’est pas reconnu en tant que commande interne
ou externe, un programme exécutable ou un fichier de commandes.
'C:\Program' n’est pas reconnu en tant que commande interne
ou externe, un programme exécutable ou un fichier de commandes.
'C:\Program' n’est pas reconnu en tant que commande interne
ou externe, un programme exécutable ou un fichier de commandes.
'C:\Program' n’est pas reconnu en tant que commande interne
ou externe, un programme exécutable ou un fichier de commandes.
'C:\Program' n’est pas reconnu en tant que commande interne
ou externe, un programme exécutable ou un fichier de commandes.
'C:\Program' n’est pas reconnu en tant que commande interne
ou externe, un programme exécutable ou un fichier de commandes.
'C:\Program' n’est pas reconnu en tant que commande interne
ou externe, un programme exécutable ou un fichier de commandes.
'C:\Program' n’est pas reconnu en tant que commande interne
ou externe, un programme exécutable ou un fichier de commandes.
'C:\Program' n’est pas reconnu en tant que commande interne
ou externe, un programme exécutable ou un fichier de commandes.
'C:\Program' n’est pas reconnu en tant que commande interne
ou externe, un programme exécutable ou un fichier de commandes.
'C:\Program' n’est pas reconnu en tant que commande interne
ou externe, un programme exécutable ou un fichier de commandes.
'C:\Program' n’est pas reconnu en tant que commande interne
ou externe, un programme exécutable ou un fichier de commandes.
'C:\Program' n’est pas reconnu en tant que commande interne
ou externe, un programme exécutable ou un fichier de commandes.
'C:\Program' n’est pas reconnu en tant que commande interne
ou externe, un programme exécutable ou un fichier de commandes.
'C:\Program' n’est pas reconnu en tant que commande interne
ou externe, un programme exécutable ou un fichier de commandes.
'C:\Program' n’est pas reconnu en tant que commande interne
ou externe, un programme exécutable ou un fichier de commandes.
'C:\Program' n’est pas reconnu en tant que commande interne
ou externe, un programme exécutable ou un fichier de commandes.
'C:\Program' n’est pas reconnu en tant que commande interne
ou externe, un programme exécutable ou un fichier de commandes.
'C:\Program' n’est pas reconnu en tant que commande interne
ou externe, un programme exécutable ou un fichier de commandes.
'C:\Program' n’est pas reconnu en tant que commande interne
ou externe, un programme exécutable ou un fichier de commandes.
'C:\Program' n’est pas reconnu en tant que commande interne
ou externe, un programme exécutable ou un fichier de commandes.
'C:\Program' n’est pas reconnu en tant que commande interne
ou externe, un programme exécutable ou un fichier de commandes.
'C:\Program' n’est pas reconnu en tant que commande interne
ou externe, un programme exécutable ou un fichier de commandes.
'C:\Program' n’est pas reconnu en tant que commande interne
ou externe, un programme exécutable ou un fichier de commandes.
'C:\Program' n’est pas reconnu en tant que commande interne
ou externe, un programme exécutable ou un fichier de commandes.
'C:\Program' n’est pas reconnu en tant que commande interne
ou externe, un programme exécutable ou un fichier de commandes.
'C:\Program' n’est pas reconnu en tant que commande interne
ou externe, un programme exécutable ou un fichier de commandes.
'C:\Program' n’est pas reconnu en tant que commande interne
ou externe, un programme exécutable ou un fichier de commandes.
'C:\Program' n’est pas reconnu en tant que commande interne
ou externe, un programme exécutable ou un fichier de commandes.
'C:\Program' n’est pas reconnu en tant que commande interne
ou externe, un programme exécutable ou un fichier de commandes.
'C:\Program' n’est pas reconnu en tant que commande interne
ou externe, un programme exécutable ou un fichier de commandes.
'C:\Program' n’est pas reconnu en tant que commande interne
ou externe, un programme exécutable ou un fichier de commandes.
'C:\Program' n’est pas reconnu en tant que commande interne
ou externe, un programme exécutable ou un fichier de commandes.
'C:\Program' n’est pas reconnu en tant que commande interne
ou externe, un programme exécutable ou un fichier de commandes.
'C:\Program' n’est pas reconnu en tant que commande interne
ou externe, un programme exécutable ou un fichier de commandes.
'C:\Program' n’est pas reconnu en tant que commande interne
ou externe, un programme exécutable ou un fichier de commandes.
'C:\Program' n’est pas reconnu en tant que commande interne
ou externe, un programme exécutable ou un fichier de commandes.
'C:\Program' n’est pas reconnu en tant que commande interne
ou externe, un programme exécutable ou un fichier de commandes.
'C:\Program' n’est pas reconnu en tant que commande interne
ou externe, un programme exécutable ou un fichier de commandes.
'C:\Program' n’est pas reconnu en tant que commande interne
ou externe, un programme exécutable ou un fichier de commandes.
'C:\Program' n’est pas reconnu en tant que commande interne
ou externe, un programme exécutable ou un fichier de commandes.
'C:\Program' n’est pas reconnu en tant que commande interne
ou externe, un programme exécutable ou un fichier de commandes.
'C:\Program' n’est pas reconnu en tant que commande interne
ou externe, un programme exécutable ou un fichier de commandes.
'C:\Program' n’est pas reconnu en tant que commande interne
ou externe, un programme exécutable ou un fichier de commandes.
'C:\Program' n’est pas reconnu en tant que commande interne
ou externe, un programme exécutable ou un fichier de commandes.
'C:\Program' n’est pas reconnu en tant que commande interne
ou externe, un programme exécutable ou un fichier de commandes.
'C:\Program' n’est pas reconnu en tant que commande interne
ou externe, un programme exécutable ou un fichier de commandes.
'C:\Program' n’est pas reconnu en tant que commande interne
ou externe, un programme exécutable ou un fichier de commandes.
'C:\Program' n’est pas reconnu en tant que commande interne
ou externe, un programme exécutable ou un fichier de commandes.
'C:\Program' n’est pas reconnu en tant que commande interne
ou externe, un programme exécutable ou un fichier de commandes.
'C:\Program' n’est pas reconnu en tant que commande interne
ou externe, un programme exécutable ou un fichier de commandes.
'C:\Program' n’est pas reconnu en tant que commande interne
ou externe, un programme exécutable ou un fichier de commandes.
'C:\Program' n’est pas reconnu en tant que commande interne
ou externe, un programme exécutable ou un fichier de commandes.
'C:\Program' n’est pas reconnu en tant que commande interne
ou externe, un programme exécutable ou un fichier de commandes.
'C:\Program' n’est pas reconnu en tant que commande interne
ou externe, un programme exécutable ou un fichier de commandes.
'C:\Program' n’est pas reconnu en tant que commande interne
ou externe, un programme exécutable ou un fichier de commandes.
'C:\Program' n’est pas reconnu en tant que commande interne
ou externe, un programme exécutable ou un fichier de commandes.
'C:\Program' n’est pas reconnu en tant que commande interne
ou externe, un programme exécutable ou un fichier de commandes.
'C:\Program' n’est pas reconnu en tant que commande interne
ou externe, un programme exécutable ou un fichier de commandes.
'C:\Program' n’est pas reconnu en tant que commande interne
ou externe, un programme exécutable ou un fichier de commandes.
'C:\Program' n’est pas reconnu en tant que commande interne
ou externe, un programme exécutable ou un fichier de commandes.
'C:\Program' n’est pas reconnu en tant que commande interne
ou externe, un programme exécutable ou un fichier de commandes.
'C:\Program' n’est pas reconnu en tant que commande interne
ou externe, un programme exécutable ou un fichier de commandes.
'C:\Program' n’est pas reconnu en tant que commande interne
ou externe, un programme exécutable ou un fichier de commandes.
'C:\Program' n’est pas reconnu en tant que commande interne
ou externe, un programme exécutable ou un fichier de commandes.
'C:\Program' n’est pas reconnu en tant que commande interne
ou externe, un programme exécutable ou un fichier de commandes.
'C:\Program' n’est pas reconnu en tant que commande interne
ou externe, un programme exécutable ou un fichier de commandes.
'C:\Program' n’est pas reconnu en tant que commande interne
ou externe, un programme exécutable ou un fichier de commandes.
'C:\Program' n’est pas reconnu en tant que commande interne
ou externe, un programme exécutable ou un fichier de commandes.
'C:\Program' n’est pas reconnu en tant que commande interne
ou externe, un programme exécutable ou un fichier de commandes.
'C:\Program' n’est pas reconnu en tant que commande interne
ou externe, un programme exécutable ou un fichier de commandes.
'C:\Program' n’est pas reconnu en tant que commande interne
ou externe, un programme exécutable ou un fichier de commandes.
'C:\Program' n’est pas reconnu en tant que commande interne
ou externe, un programme exécutable ou un fichier de commandes.
'C:\Program' n’est pas reconnu en tant que commande interne
ou externe, un programme exécutable ou un fichier de commandes.
'C:\Program' n’est pas reconnu en tant que commande interne
ou externe, un programme exécutable ou un fichier de commandes.
'C:\Program' n’est pas reconnu en tant que commande interne
ou externe, un programme exécutable ou un fichier de commandes.
'C:\Program' n’est pas reconnu en tant que commande interne
ou externe, un programme exécutable ou un fichier de commandes.
'C:\Program' n’est pas reconnu en tant que commande interne
ou externe, un programme exécutable ou un fichier de commandes.
'C:\Program' n’est pas reconnu en tant que commande interne
ou externe, un programme exécutable ou un fichier de commandes.
'C:\Program' n’est pas reconnu en tant que commande interne
ou externe, un programme exécutable ou un fichier de commandes.
'C:\Program' n’est pas reconnu en tant que commande interne
ou externe, un programme exécutable ou un fichier de commandes.
'C:\Program' n’est pas reconnu en tant que commande interne
ou externe, un programme exécutable ou un fichier de commandes.
'C:\Program' n’est pas reconnu en tant que commande interne
ou externe, un programme exécutable ou un fichier de commandes.
'C:\Program' n’est pas reconnu en tant que commande interne
ou externe, un programme exécutable ou un fichier de commandes.
'C:\Program' n’est pas reconnu en tant que commande interne
ou externe, un programme exécutable ou un fichier de commandes.
'C:\Program' n’est pas reconnu en tant que commande interne
ou externe, un programme exécutable ou un fichier de commandes.
'C:\Program' n’est pas reconnu en tant que commande interne
ou externe, un programme exécutable ou un fichier de commandes.
'C:\Program' n’est pas reconnu en tant que commande interne
ou externe, un programme exécutable ou un fichier de commandes.
'C:\Program' n’est pas reconnu en tant que commande interne
ou externe, un programme exécutable ou un fichier de commandes.
'C:\Program' n’est pas reconnu en tant que commande interne
ou externe, un programme exécutable ou un fichier de commandes.
'C:\Program' n’est pas reconnu en tant que commande interne
ou externe, un programme exécutable ou un fichier de commandes.
'C:\Program' n’est pas reconnu en tant que commande interne
ou externe, un programme exécutable ou un fichier de commandes.
'C:\Program' n’est pas reconnu en tant que commande interne
ou externe, un programme exécutable ou un fichier de commandes.
'C:\Program' n’est pas reconnu en tant que commande interne
ou externe, un programme exécutable ou un fichier de commandes.
'C:\Program' n’est pas reconnu en tant que commande interne
ou externe, un programme exécutable ou un fichier de commandes.
'C:\Program' n’est pas reconnu en tant que commande interne
ou externe, un programme exécutable ou un fichier de commandes.
'C:\Program' n’est pas reconnu en tant que commande interne
ou externe, un programme exécutable ou un fichier de commandes.
'C:\Program' n’est pas reconnu en tant que commande interne
ou externe, un programme exécutable ou un fichier de commandes.
'C:\Program' n’est pas reconnu en tant que commande interne
ou externe, un programme exécutable ou un fichier de commandes.
'C:\Program' n’est pas reconnu en tant que commande interne
ou externe, un programme exécutable ou un fichier de commandes.
'C:\Program' n’est pas reconnu en tant que commande interne
ou externe, un programme exécutable ou un fichier de commandes.
'C:\Program' n’est pas reconnu en tant que commande interne
ou externe, un programme exécutable ou un fichier de commandes.
'C:\Program' n’est pas reconnu en tant que commande interne
ou externe, un programme exécutable ou un fichier de commandes.
'C:\Program' n’est pas reconnu en tant que commande interne
ou externe, un programme exécutable ou un fichier de commandes.
'C:\Program' n’est pas reconnu en tant que commande interne
ou externe, un programme exécutable ou un fichier de commandes.
'C:\Program' n’est pas reconnu en tant que commande interne
ou externe, un programme exécutable ou un fichier de commandes.
'C:\Program' n’est pas reconnu en tant que commande interne
ou externe, un programme exécutable ou un fichier de commandes.
'C:\Program' n’est pas reconnu en tant que commande interne
ou externe, un programme exécutable ou un fichier de commandes.
'C:\Program' n’est pas reconnu en tant que commande interne
ou externe, un programme exécutable ou un fichier de commandes.
'C:\Program' n’est pas reconnu en tant que commande interne
ou externe, un programme exécutable ou un fichier de commandes.
'C:\Program' n’est pas reconnu en tant que commande interne
ou externe, un programme exécutable ou un fichier de commandes.
'C:\Program' n’est pas reconnu en tant que commande interne
ou externe, un programme exécutable ou un fichier de commandes.
'C:\Program' n’est pas reconnu en tant que commande interne
ou externe, un programme exécutable ou un fichier de commandes.
'C:\Program' n’est pas reconnu en tant que commande interne
ou externe, un programme exécutable ou un fichier de commandes.
'C:\Program' n’est pas reconnu en tant que commande interne
ou externe, un programme exécutable ou un fichier de commandes.
'C:\Program' n’est pas reconnu en tant que commande interne
ou externe, un programme exécutable ou un fichier de commandes.
'C:\Program' n’est pas reconnu en tant que commande interne
ou externe, un programme exécutable ou un fichier de commandes.
'C:\Program' n’est pas reconnu en tant que commande interne
ou externe, un programme exécutable ou un fichier de commandes.
'C:\Program' n’est pas reconnu en tant que commande interne
ou externe, un programme exécutable ou un fichier de commandes.
'C:\Program' n’est pas reconnu en tant que commande interne
ou externe, un programme exécutable ou un fichier de commandes.
'C:\Program' n’est pas reconnu en tant que commande interne
ou externe, un programme exécutable ou un fichier de commandes.
'C:\Program' n’est pas reconnu en tant que commande interne
ou externe, un programme exécutable ou un fichier de commandes.
'C:\Program' n’est pas reconnu en tant que commande interne
ou externe, un programme exécutable ou un fichier de commandes.
'C:\Program' n’est pas reconnu en tant que commande interne
ou externe, un programme exécutable ou un fichier de commandes.
'C:\Program' n’est pas reconnu en tant que commande interne
ou externe, un programme exécutable ou un fichier de commandes.
'C:\Program' n’est pas reconnu en tant que commande interne
ou externe, un programme exécutable ou un fichier de commandes.
'C:\Program' n’est pas reconnu en tant que commande interne
ou externe, un programme exécutable ou un fichier de commandes.
'C:\Program' n’est pas reconnu en tant que commande interne
ou externe, un programme exécutable ou un fichier de commandes.
'C:\Program' n’est pas reconnu en tant que commande interne
ou externe, un programme exécutable ou un fichier de commandes.
'C:\Program' n’est pas reconnu en tant que commande interne
ou externe, un programme exécutable ou un fichier de commandes.
'C:\Program' n’est pas reconnu en tant que commande interne
ou externe, un programme exécutable ou un fichier de commandes.
'C:\Program' n’est pas reconnu en tant que commande interne
ou externe, un programme exécutable ou un fichier de commandes.
'C:\Program' n’est pas reconnu en tant que commande interne
ou externe, un programme exécutable ou un fichier de commandes.
'C:\Program' n’est pas reconnu en tant que commande interne
ou externe, un programme exécutable ou un fichier de commandes.
'C:\Program' n’est pas reconnu en tant que commande interne
ou externe, un programme exécutable ou un fichier de commandes.
'C:\Program' n’est pas reconnu en tant que commande interne
ou externe, un programme exécutable ou un fichier de commandes.
'C:\Program' n’est pas reconnu en tant que commande interne
ou externe, un programme exécutable ou un fichier de commandes.
'C:\Program' n’est pas reconnu en tant que commande interne
ou externe, un programme exécutable ou un fichier de commandes.
'C:\Program' n’est pas reconnu en tant que commande interne
ou externe, un programme exécutable ou un fichier de commandes.
'C:\Program' n’est pas reconnu en tant que commande interne
ou externe, un programme exécutable ou un fichier de commandes.
'C:\Program' n’est pas reconnu en tant que commande interne
ou externe, un programme exécutable ou un fichier de commandes.
'C:\Program' n’est pas reconnu en tant que commande interne
ou externe, un programme exécutable ou un fichier de commandes.
'C:\Program' n’est pas reconnu en tant que commande interne
ou externe, un programme exécutable ou un fichier de commandes.
'C:\Program' n’est pas reconnu en tant que commande interne
ou externe, un programme exécutable ou un fichier de commandes.
'C:\Program' n’est pas reconnu en tant que commande interne
ou externe, un programme exécutable ou un fichier de commandes.
'C:\Program' n’est pas reconnu en tant que commande interne
ou externe, un programme exécutable ou un fichier de commandes.
'C:\Program' n’est pas reconnu en tant que commande interne
ou externe, un programme exécutable ou un fichier de commandes.
'C:\Program' n’est pas reconnu en tant que commande interne
ou externe, un programme exécutable ou un fichier de commandes.
'C:\Program' n’est pas reconnu en tant que commande interne
ou externe, un programme exécutable ou un fichier de commandes.
'C:\Program' n’est pas reconnu en tant que commande interne
ou externe, un programme exécutable ou un fichier de commandes.
'C:\Program' n’est pas reconnu en tant que commande interne
ou externe, un programme exécutable ou un fichier de commandes.
'C:\Program' n’est pas reconnu en tant que commande interne
ou externe, un programme exécutable ou un fichier de commandes.
'C:\Program' n’est pas reconnu en tant que commande interne
ou externe, un programme exécutable ou un fichier de commandes.
'C:\Program' n’est pas reconnu en tant que commande interne
ou externe, un programme exécutable ou un fichier de commandes.
'C:\Program' n’est pas reconnu en tant que commande interne
ou externe, un programme exécutable ou un fichier de commandes.
'C:\Program' n’est pas reconnu en tant que commande interne
ou externe, un programme exécutable ou un fichier de commandes.
'C:\Program' n’est pas reconnu en tant que commande interne
ou externe, un programme exécutable ou un fichier de commandes.
'C:\Program' n’est pas reconnu en tant que commande interne
ou externe, un programme exécutable ou un fichier de commandes.
'C:\Program' n’est pas reconnu en tant que commande interne
ou externe, un programme exécutable ou un fichier de commandes.
'C:\Program' n’est pas reconnu en tant que commande interne
ou externe, un programme exécutable ou un fichier de commandes.
'C:\Program' n’est pas reconnu en tant que commande interne
ou externe, un programme exécutable ou un fichier de commandes.
'C:\Program' n’est pas reconnu en tant que commande interne
ou externe, un programme exécutable ou un fichier de commandes.
'C:\Program' n’est pas reconnu en tant que commande interne
ou externe, un programme exécutable ou un fichier de commandes.
'C:\Program' n’est pas reconnu en tant que commande interne
ou externe, un programme exécutable ou un fichier de commandes.
'C:\Program' n’est pas reconnu en tant que commande interne
ou externe, un programme exécutable ou un fichier de commandes.
'C:\Program' n’est pas reconnu en tant que commande interne
ou externe, un programme exécutable ou un fichier de commandes.
'C:\Program' n’est pas reconnu en tant que commande interne
ou externe, un programme exécutable ou un fichier de commandes.
'C:\Program' n’est pas reconnu en tant que commande interne
ou externe, un programme exécutable ou un fichier de commandes.
'C:\Program' n’est pas reconnu en tant que commande interne
ou externe, un programme exécutable ou un fichier de commandes.
'C:\Program' n’est pas reconnu en tant que commande interne
ou externe, un programme exécutable ou un fichier de commandes.
'C:\Program' n’est pas reconnu en tant que commande interne
ou externe, un programme exécutable ou un fichier de commandes.
'C:\Program' n’est pas reconnu en tant que commande interne
ou externe, un programme exécutable ou un fichier de commandes.
'C:\Program' n’est pas reconnu en tant que commande interne
ou externe, un programme exécutable ou un fichier de commandes.
'C:\Program' n’est pas reconnu en tant que commande interne
ou externe, un programme exécutable ou un fichier de commandes.
'C:\Program' n’est pas reconnu en tant que commande interne
ou externe, un programme exécutable ou un fichier de commandes.
'C:\Program' n’est pas reconnu en tant que commande interne
ou externe, un programme exécutable ou un fichier de commandes.
'C:\Program' n’est pas reconnu en tant que commande interne
ou externe, un programme exécutable ou un fichier de commandes.
'C:\Program' n’est pas reconnu en tant que commande interne
ou externe, un programme exécutable ou un fichier de commandes.
'C:\Program' n’est pas reconnu en tant que commande interne
ou externe, un programme exécutable ou un fichier de commandes.
'C:\Program' n’est pas reconnu en tant que commande interne
ou externe, un programme exécutable ou un fichier de commandes.
'C:\Program' n’est pas reconnu en tant que commande interne
ou externe, un programme exécutable ou un fichier de commandes.
'C:\Program' n’est pas reconnu en tant que commande interne
ou externe, un programme exécutable ou un fichier de commandes.
